[+] Containers:
 |- [+] Container: /Game/LudumDareCustom/Maps/ExampleHouseMap
 |   |- [+] ActorDescs:
 |   |   |- Guid:06966ABA4359D59EE00BD2935A759608 BaseClass:/Game/LudumDareCustom/Blueprints/Interactables/BP_LightSwitch.BP_LightSwitch_C NativeClass:/Script/Engine.Actor Name:BP_LightSwitch_C_UAID_C87F5404C7A296AE01_1380627324 Label:BP_LightSwitch2 SpatiallyLoaded:1 Bounds:IsValid=true, Min=(X=1030.000 Y=-130.000 Z=10.000), Max=(X=1350.000 Y=190.000 Z=330.000) RuntimeGrid:None EditorOnly:0 RuntimeOnly:0 HLODRelevant:0 ListedInSceneOutliner:1 IsMainWorldOnly:0
 |   |   |- Guid:06A5C01A423771EB6DD90D8F5C01F0B4 BaseClass: NativeClass:/Script/Engine.StaticMeshActor Name:StaticMeshActor_UAID_C87F5404C7A295AE01_2103536140 Label:Wall_400x405 SpatiallyLoaded:1 Bounds:IsValid=true, Min=(X=955.000 Y=420.000 Z=0.000), Max=(X=975.000 Y=820.000 Z=400.000) RuntimeGrid:None EditorOnly:0 RuntimeOnly:0 HLODRelevant:1 ListedInSceneOutliner:1 IsMainWorldOnly:0
 |   |   |- Guid:0E43AA744CCB5D0AF4F3F68C08099F2B BaseClass:/Game/LudumDareCustom/Blueprints/Interactables/BP_Door.BP_Door_C NativeClass:/Script/Engine.Actor Name:BP_LightSwitch_C_UAID_C87F5404C7A296AE01_1124589322 Label:BP_LightSwitch SpatiallyLoaded:1 Bounds:IsValid=true, Min=(X=1000.000 Y=575.000 Z=-160.000), Max=(X=1320.000 Y=975.000 Z=211.996) RuntimeGrid:None EditorOnly:0 RuntimeOnly:0 HLODRelevant:0 ListedInSceneOutliner:1 IsMainWorldOnly:0
 |   |   |- Guid:29C0F7AA43EBD5FAFFAAC2B0F6BA53E3 BaseClass: NativeClass:/Script/Engine.SkyAtmosphere Name:SkyAtmosphere_0 Label:SkyAtmosphere SpatiallyLoaded:0 Bounds:IsValid=true, Min=(X=0.000 Y=0.000 Z=1020.000), Max=(X=0.000 Y=0.000 Z=1020.000) RuntimeGrid:None EditorOnly:0 RuntimeOnly:0 HLODRelevant:0 ListedInSceneOutliner:1 IsMainWorldOnly:0 FolderPath:Lighting FolderGuid:0BA5F0A04EADB18E70D5B180D08FA34B
 |   |   |- Guid:3457635B4030B87477AB2697D7C97D63 BaseClass: NativeClass:/Script/Engine.StaticMeshActor Name:StaticMeshActor_UAID_C87F5404C7A295AE01_2086518136 Label:Wall_400x404 SpatiallyLoaded:1 Bounds:IsValid=true, Min=(X=965.000 Y=10.000 Z=0.000), Max=(X=1365.000 Y=30.000 Z=400.000) RuntimeGrid:None EditorOnly:0 RuntimeOnly:0 HLODRelevant:1 ListedInSceneOutliner:1 IsMainWorldOnly:0
 |   |   |- Guid:3BAB4A1F41F999D186AE1A81EAC30E7E BaseClass: NativeClass:/Script/Engine.ExponentialHeightFog Name:ExponentialHeightFog_0 Label:ExponentialHeightFog SpatiallyLoaded:0 Bounds:IsValid=true, Min=(X=-5600.000 Y=-50.000 Z=-6850.000), Max=(X=-5600.000 Y=-50.000 Z=-6850.000) RuntimeGrid:None EditorOnly:0 RuntimeOnly:0 HLODRelevant:0 ListedInSceneOutliner:1 IsMainWorldOnly:0 FolderPath:Lighting FolderGuid:0BA5F0A04EADB18E70D5B180D08FA34B
 |   |   |- Guid:4370C6504B42198F418D0F958B3A6D11 BaseClass: NativeClass:/Script/Engine.WorldDataLayers Name:WorldDataLayers Label:WorldDataLayers SpatiallyLoaded:0 Bounds:Invalid RuntimeGrid:None EditorOnly:0 RuntimeOnly:0 HLODRelevant:0 ListedInSceneOutliner:1 IsMainWorldOnly:1
 |   |   |- Guid:598F819844FDCB678D2A05AA1E7846F1 BaseClass: NativeClass:/Script/Engine.StaticMeshActor Name:StaticMeshActor_0 Label:SM_Cube SpatiallyLoaded:1 Bounds:IsValid=true, Min=(X=0.000 Y=0.000 Z=-50.000), Max=(X=3000.000 Y=3500.000 Z=0.000) RuntimeGrid:None EditorOnly:0 RuntimeOnly:0 HLODRelevant:1 ListedInSceneOutliner:1 IsMainWorldOnly:0 FolderPath:Playground FolderGuid:6C02BB504B69D1F3D7A624B130C18E5B
 |   |   |- Guid:62AAE96D436FFA94C86DACA37355C8B9 BaseClass: NativeClass:/Script/Engine.StaticMeshActor Name:StaticMeshActor_UAID_C87F5404C7A295AE01_1987968129 Label:Wall_Door_400x300 SpatiallyLoaded:1 Bounds:IsValid=true, Min=(X=965.000 Y=810.000 Z=0.000), Max=(X=1365.000 Y=830.000 Z=400.000) RuntimeGrid:None EditorOnly:0 RuntimeOnly:0 HLODRelevant:1 ListedInSceneOutliner:1 IsMainWorldOnly:0
 |   |   |- Guid:675CCDF84D168720800D55932E76D332 BaseClass: NativeClass:/Script/Engine.StaticMeshActor Name:StaticMeshActor_UAID_C87F5404C7A295AE01_2071038133 Label:Wall_400x401 SpatiallyLoaded:1 Bounds:IsValid=true, Min=(X=1755.000 Y=420.000 Z=0.000), Max=(X=1775.000 Y=820.000 Z=400.000) RuntimeGrid:None EditorOnly:0 RuntimeOnly:0 HLODRelevant:1 ListedInSceneOutliner:1 IsMainWorldOnly:0
 |   |   |- Guid:74A12D8040F61F3A4F598BB8D03983DD BaseClass: NativeClass:/Script/Engine.StaticMeshActor Name:StaticMeshActor_47 Label:SM_ChamferCube13 SpatiallyLoaded:1 Bounds:IsValid=true, Min=(X=250.297 Y=3094.568 Z=100.013), Max=(X=391.180 Y=3235.451 Z=200.013) RuntimeGrid:None EditorOnly:0 RuntimeOnly:0 HLODRelevant:0 ListedInSceneOutliner:1 IsMainWorldOnly:0 FolderPath:SimulatedCubes FolderGuid:9AEEADCB4DC6C647D6E7C0B4EDA1744F
 |   |   |- Guid:7C61CA9C42325A77ADDE6CBC21B8370A BaseClass: NativeClass:/Script/Engine.StaticMeshActor Name:StaticMeshActor_UAID_C87F5404C7A296AE01_1087947321 Label:Floor_400x403 SpatiallyLoaded:1 Bounds:IsValid=true, Min=(X=1360.000 Y=30.000 Z=400.000), Max=(X=1760.000 Y=430.000 Z=420.000) RuntimeGrid:None EditorOnly:0 RuntimeOnly:0 HLODRelevant:1 ListedInSceneOutliner:1 IsMainWorldOnly:0
 |   |   |- Guid:8543FDEB49B3B68602C77083F229B464 BaseClass: NativeClass:/Script/Engine.SkyLight Name:SkyLight_0 Label:SkyLight SpatiallyLoaded:0 Bounds:IsValid=true, Min=(X=0.000 Y=0.000 Z=690.000), Max=(X=0.000 Y=0.000 Z=690.000) RuntimeGrid:None EditorOnly:0 RuntimeOnly:0 HLODRelevant:0 ListedInSceneOutliner:1 IsMainWorldOnly:0 FolderPath:Lighting FolderGuid:0BA5F0A04EADB18E70D5B180D08FA34B
 |   |   |- Guid:9353350A4663ABECFE904D9B155BB2BD BaseClass: NativeClass:/Script/Engine.PlayerStart Name:PlayerStart_0 Label:PlayerStart SpatiallyLoaded:0 Bounds:IsValid=true, Min=(X=860.000 Y=810.000 Z=0.013), Max=(X=940.000 Y=890.000 Z=184.013) RuntimeGrid:None EditorOnly:0 RuntimeOnly:0 HLODRelevant:0 ListedInSceneOutliner:1 IsMainWorldOnly:0
 |   |   |- Guid:9AED45A84BA6CE4E9B512282B6107C9A BaseClass: NativeClass:/Script/Engine.DirectionalLight Name:DirectionalLight_1 Label:DirectionalLight SpatiallyLoaded:0 Bounds:IsValid=true, Min=(X=-4398046511104.000 Y=-4398046511104.000 Z=-4398046511104.000), Max=(X=4398046511104.000 Y=4398046511104.000 Z=4398046511104.000) RuntimeGrid:None EditorOnly:0 RuntimeOnly:0 HLODRelevant:0 ListedInSceneOutliner:1 IsMainWorldOnly:0 FolderPath:Lighting FolderGuid:0BA5F0A04EADB18E70D5B180D08FA34B
 |   |   |- Guid:AE5C92E747AAB76CB99F7B8B799093A6 BaseClass: NativeClass:/Script/Engine.StaticMeshActor Name:StaticMeshActor_UAID_C87F5404C7A295AE01_2083047135 Label:Wall_400x403 SpatiallyLoaded:1 Bounds:IsValid=true, Min=(X=1365.000 Y=10.000 Z=0.000), Max=(X=1765.000 Y=30.000 Z=400.000) RuntimeGrid:None EditorOnly:0 RuntimeOnly:0 HLODRelevant:1 ListedInSceneOutliner:1 IsMainWorldOnly:0
 |   |   |- Guid:AF97BEAB4058496818680AA953AB162F BaseClass: NativeClass:/Script/Engine.StaticMeshActor Name:StaticMeshActor_UAID_C87F5404C7A295AE01_2113714142 Label:Floor_400x400 SpatiallyLoaded:1 Bounds:IsValid=true, Min=(X=960.000 Y=430.000 Z=400.000), Max=(X=1360.000 Y=830.000 Z=420.000) RuntimeGrid:None EditorOnly:0 RuntimeOnly:0 HLODRelevant:1 ListedInSceneOutliner:1 IsMainWorldOnly:0
 |   |   |- Guid:BA7A9B7B4F647F3836BC0498B12CAC0F BaseClass:/Game/StarterContent/Blueprints/Blueprint_CeilingLight.Blueprint_CeilingLight_C NativeClass:/Script/Engine.Actor Name:Blueprint_CeilingLight_C_UAID_C87F5404C7A296AE01_1227881323 Label:Blueprint_CeilingLight SpatiallyLoaded:1 Bounds:IsValid=true, Min=(X=1388.000 Y=578.000 Z=268.640), Max=(X=1432.000 Y=622.000 Z=402.170) RuntimeGrid:None EditorOnly:0 RuntimeOnly:0 HLODRelevant:0 ListedInSceneOutliner:1 IsMainWorldOnly:0
 |   |   |- Guid:C60E13974E53E92E29364489B2BAEEE5 BaseClass: NativeClass:/Script/Engine.StaticMeshActor Name:StaticMeshActor_UAID_A4AE111137DC5EFB00_2001720423 Label:SM_SkySphere SpatiallyLoaded:0 Bounds:IsValid=true, Min=(X=-1638400.000 Y=-1638400.000 Z=-1638400.000), Max=(X=1638400.000 Y=1638400.000 Z=1638400.000) RuntimeGrid:None EditorOnly:0 RuntimeOnly:0 HLODRelevant:1 ListedInSceneOutliner:1 IsMainWorldOnly:0 FolderPath:Lighting FolderGuid:0BA5F0A04EADB18E70D5B180D08FA34B
 |   |   |- Guid:D340B2474697EE48683CF7B585D792AB BaseClass: NativeClass:/Script/Engine.StaticMeshActor Name:StaticMeshActor_UAID_C87F5404C7A295AE01_2016017130 Label:Wall_400x400 SpatiallyLoaded:1 Bounds:IsValid=true, Min=(X=1365.000 Y=810.000 Z=0.000), Max=(X=1765.000 Y=830.000 Z=400.000) RuntimeGrid:None EditorOnly:0 RuntimeOnly:0 HLODRelevant:1 ListedInSceneOutliner:1 IsMainWorldOnly:0
 |   |   |- Guid:D7F6E19D43B61798ACC0C59508D37048 BaseClass: NativeClass:/Script/Engine.StaticMeshActor Name:StaticMeshActor_UAID_C87F5404C7A296AE01_1082501319 Label:Floor_400x401 SpatiallyLoaded:1 Bounds:IsValid=true, Min=(X=1360.000 Y=430.000 Z=400.000), Max=(X=1760.000 Y=830.000 Z=420.000) RuntimeGrid:None EditorOnly:0 RuntimeOnly:0 HLODRelevant:1 ListedInSceneOutliner:1 IsMainWorldOnly:0
 |   |   |- Guid:D9E04EBB4C9408896C35989BF328E02E BaseClass: NativeClass:/Script/Engine.StaticMeshActor Name:StaticMeshActor_UAID_C87F5404C7A295AE01_2103537141 Label:Wall_400x406 SpatiallyLoaded:1 Bounds:IsValid=true, Min=(X=955.000 Y=20.000 Z=0.000), Max=(X=975.000 Y=420.000 Z=400.000) RuntimeGrid:None EditorOnly:0 RuntimeOnly:0 HLODRelevant:1 ListedInSceneOutliner:1 IsMainWorldOnly:0
 |   |   |- Guid:E78AF83B499E58C2B03A4AB8700790FD BaseClass: NativeClass:/Script/Engine.PostProcessVolume Name:PostProcessVolume_0 Label:PostProcessVolume SpatiallyLoaded:0 Bounds:IsValid=true, Min=(X=0.000 Y=0.000 Z=400.000), Max=(X=200.000 Y=200.000 Z=600.000) RuntimeGrid:None EditorOnly:0 RuntimeOnly:0 HLODRelevant:0 ListedInSceneOutliner:1 IsMainWorldOnly:0 FolderPath:Lighting FolderGuid:0BA5F0A04EADB18E70D5B180D08FA34B
 |   |   |- Guid:EDD365D84505672E4AE58FBA46322452 BaseClass: NativeClass:/Script/Engine.StaticMeshActor Name:StaticMeshActor_UAID_C87F5404C7A295AE01_2079186134 Label:Wall_400x402 SpatiallyLoaded:1 Bounds:IsValid=true, Min=(X=1755.000 Y=20.000 Z=0.000), Max=(X=1775.000 Y=420.000 Z=400.000) RuntimeGrid:None EditorOnly:0 RuntimeOnly:0 HLODRelevant:1 ListedInSceneOutliner:1 IsMainWorldOnly:0
 |   |   |- Guid:F3D0F6ED476E90BDE09E138A7C433C8A BaseClass: NativeClass:/Script/Engine.StaticMeshActor Name:StaticMeshActor_UAID_C87F5404C7A296AE01_1087946320 Label:Floor_400x402 SpatiallyLoaded:1 Bounds:IsValid=true, Min=(X=960.000 Y=30.000 Z=400.000), Max=(X=1360.000 Y=430.000 Z=420.000) RuntimeGrid:None EditorOnly:0 RuntimeOnly:0 HLODRelevant:1 ListedInSceneOutliner:1 IsMainWorldOnly:0
 |   |   |- Guid:F80F69674A9C8D34337C689648FE239A BaseClass: NativeClass:/Script/Engine.VolumetricCloud Name:VolumetricCloud_0 Label:VolumetricCloud SpatiallyLoaded:0 Bounds:IsValid=true, Min=(X=0.000 Y=0.000 Z=820.000), Max=(X=0.000 Y=0.000 Z=820.000) RuntimeGrid:None EditorOnly:0 RuntimeOnly:0 HLODRelevant:0 ListedInSceneOutliner:1 IsMainWorldOnly:0 FolderPath:Lighting FolderGuid:0BA5F0A04EADB18E70D5B180D08FA34B
 |   |- [+] Clusters:
 |   |   |- [+] [  0]
 |   |   |   |- Guid:06966ABA4359D59EE00BD2935A759608 BaseClass:/Game/LudumDareCustom/Blueprints/Interactables/BP_LightSwitch.BP_LightSwitch_C NativeClass:/Script/Engine.Actor Name:BP_LightSwitch_C_UAID_C87F5404C7A296AE01_1380627324 Label:BP_LightSwitch2 SpatiallyLoaded:1 Bounds:IsValid=true, Min=(X=1030.000 Y=-130.000 Z=10.000), Max=(X=1350.000 Y=190.000 Z=330.000) RuntimeGrid:None EditorOnly:0 RuntimeOnly:0 HLODRelevant:0 ListedInSceneOutliner:1 IsMainWorldOnly:0
 |   |   |   |- Guid:BA7A9B7B4F647F3836BC0498B12CAC0F BaseClass:/Game/StarterContent/Blueprints/Blueprint_CeilingLight.Blueprint_CeilingLight_C NativeClass:/Script/Engine.Actor Name:Blueprint_CeilingLight_C_UAID_C87F5404C7A296AE01_1227881323 Label:Blueprint_CeilingLight SpatiallyLoaded:1 Bounds:IsValid=true, Min=(X=1388.000 Y=578.000 Z=268.640), Max=(X=1432.000 Y=622.000 Z=402.170) RuntimeGrid:None EditorOnly:0 RuntimeOnly:0 HLODRelevant:0 ListedInSceneOutliner:1 IsMainWorldOnly:0
 |   |   |- [+] [  1]
 |   |   |   |- Guid:06A5C01A423771EB6DD90D8F5C01F0B4 BaseClass: NativeClass:/Script/Engine.StaticMeshActor Name:StaticMeshActor_UAID_C87F5404C7A295AE01_2103536140 Label:Wall_400x405 SpatiallyLoaded:1 Bounds:IsValid=true, Min=(X=955.000 Y=420.000 Z=0.000), Max=(X=975.000 Y=820.000 Z=400.000) RuntimeGrid:None EditorOnly:0 RuntimeOnly:0 HLODRelevant:1 ListedInSceneOutliner:1 IsMainWorldOnly:0
 |   |   |- [+] [  2]
 |   |   |   |- Guid:0E43AA744CCB5D0AF4F3F68C08099F2B BaseClass:/Game/LudumDareCustom/Blueprints/Interactables/BP_Door.BP_Door_C NativeClass:/Script/Engine.Actor Name:BP_LightSwitch_C_UAID_C87F5404C7A296AE01_1124589322 Label:BP_LightSwitch SpatiallyLoaded:1 Bounds:IsValid=true, Min=(X=1000.000 Y=575.000 Z=-160.000), Max=(X=1320.000 Y=975.000 Z=211.996) RuntimeGrid:None EditorOnly:0 RuntimeOnly:0 HLODRelevant:0 ListedInSceneOutliner:1 IsMainWorldOnly:0
 |   |   |- [+] [  3]
 |   |   |   |- Guid:29C0F7AA43EBD5FAFFAAC2B0F6BA53E3 BaseClass: NativeClass:/Script/Engine.SkyAtmosphere Name:SkyAtmosphere_0 Label:SkyAtmosphere SpatiallyLoaded:0 Bounds:IsValid=true, Min=(X=0.000 Y=0.000 Z=1020.000), Max=(X=0.000 Y=0.000 Z=1020.000) RuntimeGrid:None EditorOnly:0 RuntimeOnly:0 HLODRelevant:0 ListedInSceneOutliner:1 IsMainWorldOnly:0 FolderPath:Lighting FolderGuid:0BA5F0A04EADB18E70D5B180D08FA34B
 |   |   |- [+] [  4]
 |   |   |   |- Guid:3457635B4030B87477AB2697D7C97D63 BaseClass: NativeClass:/Script/Engine.StaticMeshActor Name:StaticMeshActor_UAID_C87F5404C7A295AE01_2086518136 Label:Wall_400x404 SpatiallyLoaded:1 Bounds:IsValid=true, Min=(X=965.000 Y=10.000 Z=0.000), Max=(X=1365.000 Y=30.000 Z=400.000) RuntimeGrid:None EditorOnly:0 RuntimeOnly:0 HLODRelevant:1 ListedInSceneOutliner:1 IsMainWorldOnly:0
 |   |   |- [+] [  5]
 |   |   |   |- Guid:3BAB4A1F41F999D186AE1A81EAC30E7E BaseClass: NativeClass:/Script/Engine.ExponentialHeightFog Name:ExponentialHeightFog_0 Label:ExponentialHeightFog SpatiallyLoaded:0 Bounds:IsValid=true, Min=(X=-5600.000 Y=-50.000 Z=-6850.000), Max=(X=-5600.000 Y=-50.000 Z=-6850.000) RuntimeGrid:None EditorOnly:0 RuntimeOnly:0 HLODRelevant:0 ListedInSceneOutliner:1 IsMainWorldOnly:0 FolderPath:Lighting FolderGuid:0BA5F0A04EADB18E70D5B180D08FA34B
 |   |   |- [+] [  6]
 |   |   |   |- Guid:4370C6504B42198F418D0F958B3A6D11 BaseClass: NativeClass:/Script/Engine.WorldDataLayers Name:WorldDataLayers Label:WorldDataLayers SpatiallyLoaded:0 Bounds:Invalid RuntimeGrid:None EditorOnly:0 RuntimeOnly:0 HLODRelevant:0 ListedInSceneOutliner:1 IsMainWorldOnly:1
 |   |   |- [+] [  7]
 |   |   |   |- Guid:598F819844FDCB678D2A05AA1E7846F1 BaseClass: NativeClass:/Script/Engine.StaticMeshActor Name:StaticMeshActor_0 Label:SM_Cube SpatiallyLoaded:1 Bounds:IsValid=true, Min=(X=0.000 Y=0.000 Z=-50.000), Max=(X=3000.000 Y=3500.000 Z=0.000) RuntimeGrid:None EditorOnly:0 RuntimeOnly:0 HLODRelevant:1 ListedInSceneOutliner:1 IsMainWorldOnly:0 FolderPath:Playground FolderGuid:6C02BB504B69D1F3D7A624B130C18E5B
 |   |   |- [+] [  8]
 |   |   |   |- Guid:62AAE96D436FFA94C86DACA37355C8B9 BaseClass: NativeClass:/Script/Engine.StaticMeshActor Name:StaticMeshActor_UAID_C87F5404C7A295AE01_1987968129 Label:Wall_Door_400x300 SpatiallyLoaded:1 Bounds:IsValid=true, Min=(X=965.000 Y=810.000 Z=0.000), Max=(X=1365.000 Y=830.000 Z=400.000) RuntimeGrid:None EditorOnly:0 RuntimeOnly:0 HLODRelevant:1 ListedInSceneOutliner:1 IsMainWorldOnly:0
 |   |   |- [+] [  9]
 |   |   |   |- Guid:675CCDF84D168720800D55932E76D332 BaseClass: NativeClass:/Script/Engine.StaticMeshActor Name:StaticMeshActor_UAID_C87F5404C7A295AE01_2071038133 Label:Wall_400x401 SpatiallyLoaded:1 Bounds:IsValid=true, Min=(X=1755.000 Y=420.000 Z=0.000), Max=(X=1775.000 Y=820.000 Z=400.000) RuntimeGrid:None EditorOnly:0 RuntimeOnly:0 HLODRelevant:1 ListedInSceneOutliner:1 IsMainWorldOnly:0
 |   |   |- [+] [ 10]
 |   |   |   |- Guid:74A12D8040F61F3A4F598BB8D03983DD BaseClass: NativeClass:/Script/Engine.StaticMeshActor Name:StaticMeshActor_47 Label:SM_ChamferCube13 SpatiallyLoaded:1 Bounds:IsValid=true, Min=(X=250.297 Y=3094.568 Z=100.013), Max=(X=391.180 Y=3235.451 Z=200.013) RuntimeGrid:None EditorOnly:0 RuntimeOnly:0 HLODRelevant:0 ListedInSceneOutliner:1 IsMainWorldOnly:0 FolderPath:SimulatedCubes FolderGuid:9AEEADCB4DC6C647D6E7C0B4EDA1744F
 |   |   |- [+] [ 11]
 |   |   |   |- Guid:7C61CA9C42325A77ADDE6CBC21B8370A BaseClass: NativeClass:/Script/Engine.StaticMeshActor Name:StaticMeshActor_UAID_C87F5404C7A296AE01_1087947321 Label:Floor_400x403 SpatiallyLoaded:1 Bounds:IsValid=true, Min=(X=1360.000 Y=30.000 Z=400.000), Max=(X=1760.000 Y=430.000 Z=420.000) RuntimeGrid:None EditorOnly:0 RuntimeOnly:0 HLODRelevant:1 ListedInSceneOutliner:1 IsMainWorldOnly:0
 |   |   |- [+] [ 12]
 |   |   |   |- Guid:8543FDEB49B3B68602C77083F229B464 BaseClass: NativeClass:/Script/Engine.SkyLight Name:SkyLight_0 Label:SkyLight SpatiallyLoaded:0 Bounds:IsValid=true, Min=(X=0.000 Y=0.000 Z=690.000), Max=(X=0.000 Y=0.000 Z=690.000) RuntimeGrid:None EditorOnly:0 RuntimeOnly:0 HLODRelevant:0 ListedInSceneOutliner:1 IsMainWorldOnly:0 FolderPath:Lighting FolderGuid:0BA5F0A04EADB18E70D5B180D08FA34B
 |   |   |- [+] [ 13]
 |   |   |   |- Guid:9353350A4663ABECFE904D9B155BB2BD BaseClass: NativeClass:/Script/Engine.PlayerStart Name:PlayerStart_0 Label:PlayerStart SpatiallyLoaded:0 Bounds:IsValid=true, Min=(X=860.000 Y=810.000 Z=0.013), Max=(X=940.000 Y=890.000 Z=184.013) RuntimeGrid:None EditorOnly:0 RuntimeOnly:0 HLODRelevant:0 ListedInSceneOutliner:1 IsMainWorldOnly:0
 |   |   |- [+] [ 14]
 |   |   |   |- Guid:9AED45A84BA6CE4E9B512282B6107C9A BaseClass: NativeClass:/Script/Engine.DirectionalLight Name:DirectionalLight_1 Label:DirectionalLight SpatiallyLoaded:0 Bounds:IsValid=true, Min=(X=-4398046511104.000 Y=-4398046511104.000 Z=-4398046511104.000), Max=(X=4398046511104.000 Y=4398046511104.000 Z=4398046511104.000) RuntimeGrid:None EditorOnly:0 RuntimeOnly:0 HLODRelevant:0 ListedInSceneOutliner:1 IsMainWorldOnly:0 FolderPath:Lighting FolderGuid:0BA5F0A04EADB18E70D5B180D08FA34B
 |   |   |- [+] [ 15]
 |   |   |   |- Guid:AE5C92E747AAB76CB99F7B8B799093A6 BaseClass: NativeClass:/Script/Engine.StaticMeshActor Name:StaticMeshActor_UAID_C87F5404C7A295AE01_2083047135 Label:Wall_400x403 SpatiallyLoaded:1 Bounds:IsValid=true, Min=(X=1365.000 Y=10.000 Z=0.000), Max=(X=1765.000 Y=30.000 Z=400.000) RuntimeGrid:None EditorOnly:0 RuntimeOnly:0 HLODRelevant:1 ListedInSceneOutliner:1 IsMainWorldOnly:0
 |   |   |- [+] [ 16]
 |   |   |   |- Guid:AF97BEAB4058496818680AA953AB162F BaseClass: NativeClass:/Script/Engine.StaticMeshActor Name:StaticMeshActor_UAID_C87F5404C7A295AE01_2113714142 Label:Floor_400x400 SpatiallyLoaded:1 Bounds:IsValid=true, Min=(X=960.000 Y=430.000 Z=400.000), Max=(X=1360.000 Y=830.000 Z=420.000) RuntimeGrid:None EditorOnly:0 RuntimeOnly:0 HLODRelevant:1 ListedInSceneOutliner:1 IsMainWorldOnly:0
 |   |   |- [+] [ 17]
 |   |   |   |- Guid:C60E13974E53E92E29364489B2BAEEE5 BaseClass: NativeClass:/Script/Engine.StaticMeshActor Name:StaticMeshActor_UAID_A4AE111137DC5EFB00_2001720423 Label:SM_SkySphere SpatiallyLoaded:0 Bounds:IsValid=true, Min=(X=-1638400.000 Y=-1638400.000 Z=-1638400.000), Max=(X=1638400.000 Y=1638400.000 Z=1638400.000) RuntimeGrid:None EditorOnly:0 RuntimeOnly:0 HLODRelevant:1 ListedInSceneOutliner:1 IsMainWorldOnly:0 FolderPath:Lighting FolderGuid:0BA5F0A04EADB18E70D5B180D08FA34B
 |   |   |- [+] [ 18]
 |   |   |   |- Guid:D340B2474697EE48683CF7B585D792AB BaseClass: NativeClass:/Script/Engine.StaticMeshActor Name:StaticMeshActor_UAID_C87F5404C7A295AE01_2016017130 Label:Wall_400x400 SpatiallyLoaded:1 Bounds:IsValid=true, Min=(X=1365.000 Y=810.000 Z=0.000), Max=(X=1765.000 Y=830.000 Z=400.000) RuntimeGrid:None EditorOnly:0 RuntimeOnly:0 HLODRelevant:1 ListedInSceneOutliner:1 IsMainWorldOnly:0
 |   |   |- [+] [ 19]
 |   |   |   |- Guid:D7F6E19D43B61798ACC0C59508D37048 BaseClass: NativeClass:/Script/Engine.StaticMeshActor Name:StaticMeshActor_UAID_C87F5404C7A296AE01_1082501319 Label:Floor_400x401 SpatiallyLoaded:1 Bounds:IsValid=true, Min=(X=1360.000 Y=430.000 Z=400.000), Max=(X=1760.000 Y=830.000 Z=420.000) RuntimeGrid:None EditorOnly:0 RuntimeOnly:0 HLODRelevant:1 ListedInSceneOutliner:1 IsMainWorldOnly:0
 |   |   |- [+] [ 20]
 |   |   |   |- Guid:D9E04EBB4C9408896C35989BF328E02E BaseClass: NativeClass:/Script/Engine.StaticMeshActor Name:StaticMeshActor_UAID_C87F5404C7A295AE01_2103537141 Label:Wall_400x406 SpatiallyLoaded:1 Bounds:IsValid=true, Min=(X=955.000 Y=20.000 Z=0.000), Max=(X=975.000 Y=420.000 Z=400.000) RuntimeGrid:None EditorOnly:0 RuntimeOnly:0 HLODRelevant:1 ListedInSceneOutliner:1 IsMainWorldOnly:0
 |   |   |- [+] [ 21]
 |   |   |   |- Guid:E78AF83B499E58C2B03A4AB8700790FD BaseClass: NativeClass:/Script/Engine.PostProcessVolume Name:PostProcessVolume_0 Label:PostProcessVolume SpatiallyLoaded:0 Bounds:IsValid=true, Min=(X=0.000 Y=0.000 Z=400.000), Max=(X=200.000 Y=200.000 Z=600.000) RuntimeGrid:None EditorOnly:0 RuntimeOnly:0 HLODRelevant:0 ListedInSceneOutliner:1 IsMainWorldOnly:0 FolderPath:Lighting FolderGuid:0BA5F0A04EADB18E70D5B180D08FA34B
 |   |   |- [+] [ 22]
 |   |   |   |- Guid:EDD365D84505672E4AE58FBA46322452 BaseClass: NativeClass:/Script/Engine.StaticMeshActor Name:StaticMeshActor_UAID_C87F5404C7A295AE01_2079186134 Label:Wall_400x402 SpatiallyLoaded:1 Bounds:IsValid=true, Min=(X=1755.000 Y=20.000 Z=0.000), Max=(X=1775.000 Y=420.000 Z=400.000) RuntimeGrid:None EditorOnly:0 RuntimeOnly:0 HLODRelevant:1 ListedInSceneOutliner:1 IsMainWorldOnly:0
 |   |   |- [+] [ 23]
 |   |   |   |- Guid:F3D0F6ED476E90BDE09E138A7C433C8A BaseClass: NativeClass:/Script/Engine.StaticMeshActor Name:StaticMeshActor_UAID_C87F5404C7A296AE01_1087946320 Label:Floor_400x402 SpatiallyLoaded:1 Bounds:IsValid=true, Min=(X=960.000 Y=30.000 Z=400.000), Max=(X=1360.000 Y=430.000 Z=420.000) RuntimeGrid:None EditorOnly:0 RuntimeOnly:0 HLODRelevant:1 ListedInSceneOutliner:1 IsMainWorldOnly:0
 |   |   |- [+] [ 24]
 |   |   |   |- Guid:F80F69674A9C8D34337C689648FE239A BaseClass: NativeClass:/Script/Engine.VolumetricCloud Name:VolumetricCloud_0 Label:VolumetricCloud SpatiallyLoaded:0 Bounds:IsValid=true, Min=(X=0.000 Y=0.000 Z=820.000), Max=(X=0.000 Y=0.000 Z=820.000) RuntimeGrid:None EditorOnly:0 RuntimeOnly:0 HLODRelevant:0 ListedInSceneOutliner:1 IsMainWorldOnly:0 FolderPath:Lighting FolderGuid:0BA5F0A04EADB18E70D5B180D08FA34B
 |- ContainerInstances:
 |- [+] MainContainer:
 |   |-        ID: 00000000000000000000000000000000
 |   |-  ParentID: 00000000000000000000000000000000
 |   |-    Bounds: IsValid=false, Min=(X=0.000 Y=0.000 Z=0.000), Max=(X=0.000 Y=0.000 Z=0.000)
 |   |- Transform: 0.000000,0.000000,0.000000|0.000000,0.000000,-0.000000|1.000000,1.000000,1.000000
 |   |- Container: /Game/LudumDareCustom/Maps/ExampleHouseMap
----------------------------------------------------------------------------------------------------------------
ExampleHouseMap - Persistent Level
----------------------------------------------------------------------------------------------------------------
[+] Content of ExampleHouseMap Persistent Level
 |- Always loaded Actor Count: 33 
 |- Actor Path: /Game/LudumDareCustom/Maps/ExampleHouseMap.ExampleHouseMap:PersistentLevel.AbstractNavData-Default
 |- Actor Package: /Game/LudumDareCustom/Maps/ExampleHouseMap
 |- Actor Path: /Game/LudumDareCustom/Maps/ExampleHouseMap.ExampleHouseMap:PersistentLevel.Blueprint_CeilingLight_C_UAID_C87F5404C7A296AE01_1227881323
 |- Actor Package: /Game/__ExternalActors__/LudumDareCustom/Maps/ExampleHouseMap/5/2U/GNI669WQHIB8JJVV8345WT
 |- Actor Path: /Game/LudumDareCustom/Maps/ExampleHouseMap.ExampleHouseMap:PersistentLevel.BP_LightSwitch_C_UAID_C87F5404C7A296AE01_1124589322
 |- Actor Package: /Game/__ExternalActors__/LudumDareCustom/Maps/ExampleHouseMap/4/EB/U1MIJ3N3NAVG5ZNFAHNCBS
 |- Actor Path: /Game/LudumDareCustom/Maps/ExampleHouseMap.ExampleHouseMap:PersistentLevel.BP_LightSwitch_C_UAID_C87F5404C7A296AE01_1380627324
 |- Actor Package: /Game/__ExternalActors__/LudumDareCustom/Maps/ExampleHouseMap/9/XC/Q2PIDG9JV5RCZ7RM2B5847
 |- Actor Path: /Game/LudumDareCustom/Maps/ExampleHouseMap.ExampleHouseMap:PersistentLevel.Brush_0
 |- Actor Package: /Game/LudumDareCustom/Maps/ExampleHouseMap
 |- Actor Path: /Game/LudumDareCustom/Maps/ExampleHouseMap.ExampleHouseMap:PersistentLevel.DefaultPhysicsVolume_0
 |- Actor Package: /Game/LudumDareCustom/Maps/ExampleHouseMap
 |- Actor Path: /Game/LudumDareCustom/Maps/ExampleHouseMap.ExampleHouseMap:PersistentLevel.DirectionalLight_1
 |- Actor Package: /Game/__ExternalActors__/LudumDareCustom/Maps/ExampleHouseMap/8/CA/0G7B0SM7QDE2QTQ9X94E0Y
 |- Actor Path: /Game/LudumDareCustom/Maps/ExampleHouseMap.ExampleHouseMap:PersistentLevel.ExponentialHeightFog_0
 |- Actor Package: /Game/__ExternalActors__/LudumDareCustom/Maps/ExampleHouseMap/8/M9/S4C729ONW3C4YQRP33XR6Q
 |- Actor Path: /Game/LudumDareCustom/Maps/ExampleHouseMap.ExampleHouseMap:PersistentLevel.GameplayDebuggerPlayerManager_0
 |- Actor Package: /Game/LudumDareCustom/Maps/ExampleHouseMap
 |- Actor Path: /Game/LudumDareCustom/Maps/ExampleHouseMap.ExampleHouseMap:PersistentLevel.PlayerStart_0
 |- Actor Package: /Game/__ExternalActors__/LudumDareCustom/Maps/ExampleHouseMap/1/JN/LYCW0H9Q3SD4RQ7PWS53UF
 |- Actor Path: /Game/LudumDareCustom/Maps/ExampleHouseMap.ExampleHouseMap:PersistentLevel.PlaygroundMap1_C_1
 |- Actor Package: /Game/LudumDareCustom/Maps/ExampleHouseMap
 |- Actor Path: /Game/LudumDareCustom/Maps/ExampleHouseMap.ExampleHouseMap:PersistentLevel.PostProcessVolume_0
 |- Actor Package: /Game/__ExternalActors__/LudumDareCustom/Maps/ExampleHouseMap/D/MZ/XLC29VCY3DJ3GSMBQY8WXN
 |- Actor Path: /Game/LudumDareCustom/Maps/ExampleHouseMap.ExampleHouseMap:PersistentLevel.SkyAtmosphere_0
 |- Actor Package: /Game/__ExternalActors__/LudumDareCustom/Maps/ExampleHouseMap/B/3W/CZ6LYYO8JB2SHNHRJEM832
 |- Actor Path: /Game/LudumDareCustom/Maps/ExampleHouseMap.ExampleHouseMap:PersistentLevel.SkyLight_0
 |- Actor Package: /Game/__ExternalActors__/LudumDareCustom/Maps/ExampleHouseMap/4/CQ/O3GMQJ8SQZBSPCL2R6IA3M
 |- Actor Path: /Game/LudumDareCustom/Maps/ExampleHouseMap.ExampleHouseMap:PersistentLevel.StaticMeshActor_0
 |- Actor Package: /Game/__ExternalActors__/LudumDareCustom/Maps/ExampleHouseMap/B/O9/BD87OD8SBX8TUUV2ULMC3T
 |- Actor Path: /Game/LudumDareCustom/Maps/ExampleHouseMap.ExampleHouseMap:PersistentLevel.StaticMeshActor_47
 |- Actor Package: /Game/__ExternalActors__/LudumDareCustom/Maps/ExampleHouseMap/1/41/2GBWVLUZENEXLBDHTCOUS3
 |- Actor Path: /Game/LudumDareCustom/Maps/ExampleHouseMap.ExampleHouseMap:PersistentLevel.StaticMeshActor_UAID_A4AE111137DC5EFB00_2001720423
 |- Actor Package: /Game/__ExternalActors__/LudumDareCustom/Maps/ExampleHouseMap/0/Y8/RBOL88MAGUJVYEWTSGXN4R
 |- Actor Path: /Game/LudumDareCustom/Maps/ExampleHouseMap.ExampleHouseMap:PersistentLevel.StaticMeshActor_UAID_C87F5404C7A295AE01_1987968129
 |- Actor Package: /Game/__ExternalActors__/LudumDareCustom/Maps/ExampleHouseMap/A/XQ/W2M6L59TPIDE46VPZEPDO7
 |- Actor Path: /Game/LudumDareCustom/Maps/ExampleHouseMap.ExampleHouseMap:PersistentLevel.StaticMeshActor_UAID_C87F5404C7A295AE01_2016017130
 |- Actor Package: /Game/__ExternalActors__/LudumDareCustom/Maps/ExampleHouseMap/7/B2/4WHQM824M1JUHMSBJ6PPE3
 |- Actor Path: /Game/LudumDareCustom/Maps/ExampleHouseMap.ExampleHouseMap:PersistentLevel.StaticMeshActor_UAID_C87F5404C7A295AE01_2071038133
 |- Actor Package: /Game/__ExternalActors__/LudumDareCustom/Maps/ExampleHouseMap/B/AG/CB2FLGF4XGR4OYJYMLPIYF
 |- Actor Path: /Game/LudumDareCustom/Maps/ExampleHouseMap.ExampleHouseMap:PersistentLevel.StaticMeshActor_UAID_C87F5404C7A295AE01_2079186134
 |- Actor Package: /Game/__ExternalActors__/LudumDareCustom/Maps/ExampleHouseMap/B/GQ/SB5HNKJP1M0WCOA5Q68948
 |- Actor Path: /Game/LudumDareCustom/Maps/ExampleHouseMap.ExampleHouseMap:PersistentLevel.StaticMeshActor_UAID_C87F5404C7A295AE01_2083047135
 |- Actor Package: /Game/__ExternalActors__/LudumDareCustom/Maps/ExampleHouseMap/4/2N/4ESI7JJQF7TNZ8BZ0N9OZV
 |- Actor Path: /Game/LudumDareCustom/Maps/ExampleHouseMap.ExampleHouseMap:PersistentLevel.StaticMeshActor_UAID_C87F5404C7A295AE01_2086518136
 |- Actor Package: /Game/__ExternalActors__/LudumDareCustom/Maps/ExampleHouseMap/0/0J/VH532KVMSZHN3IB5HRMM2H
 |- Actor Path: /Game/LudumDareCustom/Maps/ExampleHouseMap.ExampleHouseMap:PersistentLevel.StaticMeshActor_UAID_C87F5404C7A295AE01_2103536140
 |- Actor Package: /Game/__ExternalActors__/LudumDareCustom/Maps/ExampleHouseMap/A/IV/JFEI5J7X4WF2LQHKQTG2TD
 |- Actor Path: /Game/LudumDareCustom/Maps/ExampleHouseMap.ExampleHouseMap:PersistentLevel.StaticMeshActor_UAID_C87F5404C7A295AE01_2103537141
 |- Actor Package: /Game/__ExternalActors__/LudumDareCustom/Maps/ExampleHouseMap/D/QQ/ZZLSCDHPL297WBPOUX97XK
 |- Actor Path: /Game/LudumDareCustom/Maps/ExampleHouseMap.ExampleHouseMap:PersistentLevel.StaticMeshActor_UAID_C87F5404C7A295AE01_2113714142
 |- Actor Package: /Game/__ExternalActors__/LudumDareCustom/Maps/ExampleHouseMap/A/XO/JQ2S7WOZL2MCI59C06XKTW
 |- Actor Path: /Game/LudumDareCustom/Maps/ExampleHouseMap.ExampleHouseMap:PersistentLevel.StaticMeshActor_UAID_C87F5404C7A296AE01_1082501319
 |- Actor Package: /Game/__ExternalActors__/LudumDareCustom/Maps/ExampleHouseMap/D/CO/PVA48FAG2OCTJXOQMZAH89
 |- Actor Path: /Game/LudumDareCustom/Maps/ExampleHouseMap.ExampleHouseMap:PersistentLevel.StaticMeshActor_UAID_C87F5404C7A296AE01_1087946320
 |- Actor Package: /Game/__ExternalActors__/LudumDareCustom/Maps/ExampleHouseMap/C/MU/V4YSOKJ6TT3E15VV137XWV
 |- Actor Path: /Game/LudumDareCustom/Maps/ExampleHouseMap.ExampleHouseMap:PersistentLevel.StaticMeshActor_UAID_C87F5404C7A296AE01_1087947321
 |- Actor Package: /Game/__ExternalActors__/LudumDareCustom/Maps/ExampleHouseMap/A/TZ/BTXGVNSFVCBTFEIZKORTMY
 |- Actor Path: /Game/LudumDareCustom/Maps/ExampleHouseMap.ExampleHouseMap:PersistentLevel.VolumetricCloud_0
 |- Actor Package: /Game/__ExternalActors__/LudumDareCustom/Maps/ExampleHouseMap/7/1G/XN0X0MVB6V8IZCSEEJAC9V
 |- Actor Path: /Game/LudumDareCustom/Maps/ExampleHouseMap.ExampleHouseMap:PersistentLevel.WorldDataLayers
 |- Actor Package: /Game/__ExternalActors__/LudumDareCustom/Maps/ExampleHouseMap/E/2B/OXXCUN9RZXPHS0KEB8KH25
 |- Actor Path: /Game/LudumDareCustom/Maps/ExampleHouseMap.ExampleHouseMap:PersistentLevel.WorldInfo_0
 |- Actor Package: /Game/LudumDareCustom/Maps/ExampleHouseMap
 |- Actor Path: /Game/LudumDareCustom/Maps/ExampleHouseMap.ExampleHouseMap:PersistentLevel.WorldPartitionMiniMap_0
 |- Actor Package: /Game/__ExternalActors__/LudumDareCustom/Maps/ExampleHouseMap/0/16/HISH8VRUYZZZ3GKA8GTK5P

----------------------------------------------------------------------------------------------------------------
ExampleHouseMap - Runtime Spatial Hash - Streaming Grid - MainGrid
----------------------------------------------------------------------------------------------------------------
            Origin: X=0.000 Y=0.000 Z=0.000
         Cell Size: 12800
      World Bounds: IsValid=false, Min=(X=0.000 Y=0.000 Z=0.000), Max=(X=0.000 Y=0.000 Z=0.000)
     Loading Range: 25600.00
Block Slow Loading: No
 ClientOnlyVisible: No
            Origin: X=0.000 Y=0.000 Z=0.000

[+] Grid Levels: 1
 |- Level  0: Cell Count    0 | Cell Size   12800 | Actor Count    0 (0.0%)

[+] Content of Grid Level 0

